<?xml version="1.0" encoding="UTF-8"?>
<!-- Generated by org.testng.reporters.JUnitXMLReporter -->
<testsuite hostname="V000006112" ignored="12" name="Test" tests="7" failures="3" timestamp="25 Oct 2017 04:26:58 GMT" time="1475.331" errors="0">
  <testcase name="MedAdv_Q2E_Lead_FillApplication" time="272.979" classname="testCases.teleSalesPortal.Medadv_Q2E_01"/>
  <testcase name="MedAdv_Q2E_Medicare_FillApplication" time="196.759" classname="testCases.teleSalesPortal.Medadv_Q2E_02"/>
  <testcase name="MedAdv_Q2E_InvalidMedicare" time="65.142" classname="testCases.teleSalesPortal.Medadv_Q2E_03"/>
  <testcase name="MedAdv_Q2E_Fill_AddressInfo" time="114.487" classname="testCases.teleSalesPortal.Medadv_Q2E_04"/>
  <testcase name="main" time="279.472" classname="testCases.teleSalesPortal.Medadv_Q2E_05">
    <failure type="java.lang.NullPointerException">
      <![CDATA[java.lang.NullPointerException
	at testCases.teleSalesPortal.Medadv_Q2E_05.main(Medadv_Q2E_05.java:88)
... Removed 25 stack frames]]>
    </failure>
  </testcase> <!-- main -->
  <testcase name="MedAdv_Q2E_Fill_MedicareInsuForm_Invalid" time="378.796" classname="testCases.teleSalesPortal.Medadv_Q2E_06">
    <failure type="java.lang.AssertionError" message="User is not navigated to Paying Premium page: failed">
      <![CDATA[java.lang.AssertionError: User is not navigated to Paying Premium page: failed
	at utility.Selenium.failTest(Selenium.java:233)
	at utility.Selenium.failTest(Selenium.java:179)
	at appModules.SFDCMediCareApplication.MedicareInsuranceInformationInvalidScenarios(SFDCMediCareApplication.java:1533)
	at testCases.teleSalesPortal.Medadv_Q2E_06.MedAdv_Q2E_Fill_MedicareInsuForm_Invalid(Medadv_Q2E_06.java:72)
... Removed 26 stack frames]]>
    </failure>
  </testcase> <!-- MedAdv_Q2E_Fill_MedicareInsuForm_Invalid -->
  <testcase name="main" time="10.874" classname="testCases.teleSalesPortal.Medadv_Q2E_07">
    <failure type="java.lang.AssertionError" message="Failed authentication into the Admin Console!">
      <![CDATA[java.lang.AssertionError: Failed authentication into the Admin Console!
	at utility.Selenium.failTest(Selenium.java:233)
	at utility.Selenium.failTest(Selenium.java:197)
	at appModules.SFDC.login(SFDC.java:64)
	at testCases.teleSalesPortal.Medadv_Q2E_07.main(Medadv_Q2E_07.java:57)
... Removed 26 stack frames]]>
    </failure>
  </testcase> <!-- main -->
  <testcase name="@BeforeSuite setUp" time="0.0" classname="utility.BaseExtentReport">
    <ignored/>
  </testcase> <!-- @BeforeSuite setUp -->
  <testcase name="@BeforeSuite setUp" time="0.0" classname="utility.BaseExtentReport">
    <ignored/>
  </testcase> <!-- @BeforeSuite setUp -->
  <testcase name="@BeforeSuite setUp" time="0.0" classname="utility.BaseExtentReport">
    <ignored/>
  </testcase> <!-- @BeforeSuite setUp -->
  <testcase name="@BeforeSuite setUp" time="0.0" classname="utility.BaseExtentReport">
    <ignored/>
  </testcase> <!-- @BeforeSuite setUp -->
  <testcase name="@BeforeSuite setUp" time="0.0" classname="utility.BaseExtentReport">
    <ignored/>
  </testcase> <!-- @BeforeSuite setUp -->
  <testcase name="@BeforeSuite setUp" time="0.0" classname="utility.BaseExtentReport">
    <ignored/>
  </testcase> <!-- @BeforeSuite setUp -->
  <testcase name="@AfterSuite tearDown" time="0.0" classname="utility.BaseExtentReport">
    <ignored/>
  </testcase> <!-- @AfterSuite tearDown -->
  <testcase name="@AfterSuite tearDown" time="0.0" classname="utility.BaseExtentReport">
    <ignored/>
  </testcase> <!-- @AfterSuite tearDown -->
  <testcase name="@AfterSuite tearDown" time="0.0" classname="utility.BaseExtentReport">
    <ignored/>
  </testcase> <!-- @AfterSuite tearDown -->
  <testcase name="@AfterSuite tearDown" time="0.0" classname="utility.BaseExtentReport">
    <ignored/>
  </testcase> <!-- @AfterSuite tearDown -->
  <testcase name="@AfterSuite tearDown" time="0.0" classname="utility.BaseExtentReport">
    <ignored/>
  </testcase> <!-- @AfterSuite tearDown -->
  <testcase name="@AfterSuite tearDown" time="0.0" classname="utility.BaseExtentReport">
    <ignored/>
  </testcase> <!-- @AfterSuite tearDown -->
</testsuite> <!-- Test -->
