<?xml version="1.0" encoding="UTF-8"?>
<testng-results skipped="0" failed="0" ignored="0" total="1" passed="1">
  <reporter-output>
    <line>
      <![CDATA[Application is at Login Page]]>
    </line>
    <line>
      <![CDATA[Logging into AdminTool Application.]]>
    </line>
    <line>
      <![CDATA[Logged into SBC_AdminTool Application]]>
    </line>
    <line>
      <![CDATA[Navigating to SBCpdfRepository Page]]>
    </line>
    <line>
      <![CDATA[Sucessfully Navigated to SBCpdfRepository Page]]>
    </line>
    <line>
      <![CDATA[sbc_PD0000005250_MD0000004252_RX0000001474_DN0000000226_VS0000000120_20170901_20180831.pdffile is available in repository]]>
    </line>
    <line>
      <![CDATA[Application is at Login Page]]>
    </line>
    <line>
      <![CDATA[Logging into SBC Request Page]]>
    </line>
    <line>
      <![CDATA[SBC Request page sucessfully loaded]]>
    </line>
  </reporter-output>
  <suite name="Default suite" duration-ms="24305" started-at="2017-11-10T08:06:06Z" finished-at="2017-11-10T08:06:31Z">
    <groups>
    </groups>
    <test name="Default test" duration-ms="24305" started-at="2017-11-10T08:06:06Z" finished-at="2017-11-10T08:06:31Z">
      <class name="testCases.AdminTool.SmallGroupSBCDownload_inPDFRepository">
        <test-method status="PASS" signature="setUp()[pri:0, instance:testCases.AdminTool.SmallGroupSBCDownload_inPDFRepository@42dafa95]" name="setUp" is-config="true" duration-ms="827" started-at="2017-11-10T13:36:05Z" finished-at="2017-11-10T13:36:06Z">
          <reporter-output>
          </reporter-output>
        </test-method> <!-- setUp -->
        <test-method status="PASS" signature="beforeMethod()[pri:0, instance:testCases.AdminTool.SmallGroupSBCDownload_inPDFRepository@42dafa95]" name="beforeMethod" is-config="true" duration-ms="9197" started-at="2017-11-10T13:36:06Z" finished-at="2017-11-10T13:36:16Z">
          <reporter-output>
          </reporter-output>
        </test-method> <!-- beforeMethod -->
        <test-method status="PASS" signature="test()[pri:0, instance:testCases.AdminTool.SmallGroupSBCDownload_inPDFRepository@42dafa95]" name="test" duration-ms="15023" started-at="2017-11-10T13:36:16Z" finished-at="2017-11-10T13:36:31Z">
          <reporter-output>
            <line>
              <![CDATA[Application is at Login Page]]>
            </line>
            <line>
              <![CDATA[Logging into AdminTool Application.]]>
            </line>
            <line>
              <![CDATA[Logged into SBC_AdminTool Application]]>
            </line>
            <line>
              <![CDATA[Navigating to SBCpdfRepository Page]]>
            </line>
            <line>
              <![CDATA[Sucessfully Navigated to SBCpdfRepository Page]]>
            </line>
            <line>
              <![CDATA[sbc_PD0000005250_MD0000004252_RX0000001474_DN0000000226_VS0000000120_20170901_20180831.pdffile is available in repository]]>
            </line>
            <line>
              <![CDATA[Application is at Login Page]]>
            </line>
            <line>
              <![CDATA[Logging into SBC Request Page]]>
            </line>
            <line>
              <![CDATA[SBC Request page sucessfully loaded]]>
            </line>
          </reporter-output>
        </test-method> <!-- test -->
        <test-method status="PASS" signature="getResult(org.testng.ITestResult)[pri:0, instance:testCases.AdminTool.SmallGroupSBCDownload_inPDFRepository@42dafa95]" name="getResult" is-config="true" duration-ms="21" started-at="2017-11-10T13:36:31Z" finished-at="2017-11-10T13:36:31Z">
          <params>
            <param index="0">
              <value>
                <![CDATA[[TestResult name=test status=SUCCESS method=SmallGroupSBCDownload_inPDFRepository.test()[pri:0, instance:testCases.AdminTool.SmallGroupSBCDownload_inPDFRepository@42dafa95] output=Application is at Login Page]]]>
              </value>
            </param>
          </params>
          <reporter-output>
          </reporter-output>
        </test-method> <!-- getResult -->
        <test-method status="PASS" signature="tearDown()[pri:0, instance:testCases.AdminTool.SmallGroupSBCDownload_inPDFRepository@42dafa95]" name="tearDown" is-config="true" duration-ms="841" started-at="2017-11-10T13:36:31Z" finished-at="2017-11-10T13:36:32Z">
          <reporter-output>
          </reporter-output>
        </test-method> <!-- tearDown -->
      </class> <!-- testCases.AdminTool.SmallGroupSBCDownload_inPDFRepository -->
    </test> <!-- Default test -->
  </suite> <!-- Default suite -->
</testng-results>
